<?xml version="1.0" encoding="UTF-8"?>
<testsuite xmlns:xsi="http://www.w3.org/2001/XMLSchema-instance" xsi:noNamespaceSchemaLocation="https://maven.apache.org/surefire/maven-surefire-plugin/xsd/surefire-test-report.xsd" name="fr.ufrsciencestech.compteur.view.VueGraphSwingTest" time="0.457" tests="4" errors="0" skipped="0" failures="0">
  <properties>
[...]
</properties>
  <testcase name="testIncr" classname="fr.ufrsciencestech.compteur.view.VueGraphSwingTest" time="0.227"/>
  <testcase name="testDecrOk" classname="fr.ufrsciencestech.compteur.view.VueGraphSwingTest" time="0.148"/>
  <testcase name="testDecrZero" classname="fr.ufrsciencestech.compteur.view.VueGraphSwingTest" time="0.074"/>
  <testcase name="testUpdate" classname="fr.ufrsciencestech.compteur.view.VueGraphSwingTest" time="0.007"/>
</testsuite>